<?xml version="1.0" encoding="UTF-8"?>
<testng-results ignored="0" total="1" passed="1" failed="0" skipped="0">
  <reporter-output>
  </reporter-output>
  <suite started-at="2021-09-24T19:39:11 IST" name="Default suite" finished-at="2021-09-24T19:40:36 IST" duration-ms="85142">
    <groups>
    </groups>
    <test started-at="2021-09-24T19:39:11 IST" name="Default test" finished-at="2021-09-24T19:40:36 IST" duration-ms="85142">
      <class name="com.chicha.test.createaccountTest">
        <test-method signature="verify()[pri:0, instance:com.chicha.test.createaccountTest@5c5eefef]" started-at="2021-09-24T19:39:11 IST" name="verify" finished-at="2021-09-24T19:40:36 IST" duration-ms="84971" status="PASS">
          <reporter-output>
          </reporter-output>
        </test-method> <!-- verify -->
      </class> <!-- com.chicha.test.createaccountTest -->
    </test> <!-- Default test -->
  </suite> <!-- Default suite -->
</testng-results>
